<?xml version="1.0" encoding="UTF-8"?>
<!-- Generated by org.testng.reporters.JUnitReportReporter -->
<testsuite hostname="LAPTOP-D4RH5SI9" failures="0" tests="2" name="Practice1.DataProviderDifferentClass2" time="0.029" errors="0" timestamp="2023-11-21T10:21:43 GMT+05:30" skipped="0">
  <testcase classname="Practice1.DataProviderDifferentClass2" name="testMethod" time="0.023"/>
  <system-out/>
  <testcase classname="Practice1.DataProviderDifferentClass2" name="testMethod" time="0.006"/>
  <system-out/>
</testsuite> <!-- Practice1.DataProviderDifferentClass2 -->
