<?xml version="1.0" encoding="UTF-8"?>
<!-- Generated by org.testng.reporters.JUnitReportReporter -->
<testsuite hostname="LAPTOP-D4RH5SI9" failures="0" tests="1" name="com.trendkart.admin.VerifyUserLoginTest" time="38.978" errors="0" timestamp="2023-11-30T15:40:19 GMT+05:30" skipped="0">
  <testcase classname="com.trendkart.admin.VerifyUserLoginTest" name="verifyUserLoginTest" time="38.978"/>
  <system-out>
    <![CDATA[verifyUserLoginTest--- Test execution start ---
verifyUserLoginTest--- Success ---]]>
  </system-out>
</testsuite> <!-- com.trendkart.admin.VerifyUserLoginTest -->
