<?xml version="1.0" encoding="UTF-8"?>
<!-- Generated by org.testng.reporters.JUnitReportReporter -->
<testsuite hostname="LAPTOP-D4RH5SI9" failures="0" tests="1" name="com.trendkart.admin.TrackOrderTest" time="52.712" errors="0" timestamp="2023-11-30T13:24:55 GMT+05:30" skipped="0">
  <testcase classname="com.trendkart.admin.TrackOrderTest" name="trackOrderTest" time="52.712"/>
  <system-out>
    <![CDATA[trackOrderTest--- Test execution start ---
trackOrderTest--- Success ---]]>
  </system-out>
</testsuite> <!-- com.trendkart.admin.TrackOrderTest -->
