<?xml version="1.0" encoding="UTF-8"?>
<!-- Generated by org.testng.reporters.JUnitReportReporter -->
<testsuite hostname="LAPTOP-D4RH5SI9" failures="0" tests="1" name="com.trendkart.admin.VerifyUserAccountCreationTest" time="39.097" errors="0" timestamp="2023-11-29T10:10:02 GMT+05:30" skipped="0">
  <testcase classname="com.trendkart.admin.VerifyUserAccountCreationTest" name="verifyUserAccountCreationTest" time="39.097"/>
  <system-out/>
</testsuite> <!-- com.trendkart.admin.VerifyUserAccountCreationTest -->
