<?xml version="1.0" encoding="UTF-8"?>
<!-- Generated by org.testng.reporters.JUnitReportReporter -->
<testsuite hostname="LAPTOP-D4RH5SI9" failures="0" tests="1" name="com.trendkart.admin.VerifyUserLoginTest" time="44.811" errors="0" timestamp="2023-11-22T14:47:23 GMT+05:30" skipped="0">
  <testcase classname="com.trendkart.admin.VerifyUserLoginTest" name="verifyUserLoginTest" time="44.811"/>
  <system-out/>
</testsuite> <!-- com.trendkart.admin.VerifyUserLoginTest -->
