<?xml version="1.0" encoding="UTF-8"?>
<!-- Generated by org.testng.reporters.JUnitReportReporter -->
<testsuite hostname="LAPTOP-D4RH5SI9" failures="0" tests="1" name="com.trendkart.admin.VerifyDeleteProductTest" time="105.409" errors="0" timestamp="2023-11-22T13:39:05 GMT+05:30" skipped="0">
  <testcase classname="com.trendkart.admin.VerifyDeleteProductTest" name="verifyDeleteProductTest" time="105.409"/>
  <system-out/>
</testsuite> <!-- com.trendkart.admin.VerifyDeleteProductTest -->
