<?xml version="1.0" encoding="UTF-8"?>
<!-- Generated by org.testng.reporters.JUnitReportReporter -->
<testsuite hostname="LAPTOP-D4RH5SI9" failures="0" tests="1" name="com.trendkart.admin.VerifyDeleteCategoryTest" time="80.246" errors="0" timestamp="2023-11-29T10:00:56 GMT+05:30" skipped="0">
  <testcase classname="com.trendkart.admin.VerifyDeleteCategoryTest" name="verifyDeleteCategoryTest" time="80.246"/>
  <system-out/>
</testsuite> <!-- com.trendkart.admin.VerifyDeleteCategoryTest -->
