<?xml version="1.0" encoding="UTF-8"?>
<!-- Generated by org.testng.reporters.JUnitReportReporter -->
<testsuite hostname="LAPTOP-D4RH5SI9" failures="0" tests="1" name="com.Practice_Package.SoftAssertTest" time="55.635" errors="0" timestamp="2023-11-22T16:24:34 GMT+05:30" skipped="0">
  <testcase classname="com.Practice_Package.SoftAssertTest" name="demo" time="55.635"/>
  <system-out/>
</testsuite> <!-- com.Practice_Package.SoftAssertTest -->
