<?xml version="1.0" encoding="UTF-8"?>
<!-- Generated by org.testng.reporters.JUnitReportReporter -->
<testsuite hostname="LAPTOP-D4RH5SI9" failures="0" tests="1" name="com.trendkart.admin.VerifyDeleteProductTest" time="53.586" errors="0" timestamp="2023-11-30T16:09:23 GMT+05:30" skipped="0">
  <testcase classname="com.trendkart.admin.VerifyDeleteProductTest" name="verifyDeleteProductTest" time="53.586"/>
  <system-out>
    <![CDATA[verifyDeleteProductTest--- Test execution start ---
verifyDeleteProductTest--- Success ---]]>
  </system-out>
</testsuite> <!-- com.trendkart.admin.VerifyDeleteProductTest -->
