<?xml version="1.0" encoding="UTF-8"?>
<!-- Generated by org.testng.reporters.JUnitReportReporter -->
<testsuite hostname="LAPTOP-D4RH5SI9" failures="0" tests="1" name="com.trendkart.admin.VerifyAddressInCartTest" time="68.571" errors="0" timestamp="2023-11-29T09:58:28 GMT+05:30" skipped="0">
  <testcase classname="com.trendkart.admin.VerifyAddressInCartTest" name="verifyAddressInCartTest" time="68.571"/>
  <system-out>
    <![CDATA[verifyAddressInCartTest--- Test execution start ---
verifyAddressInCartTest--- Success ---]]>
  </system-out>
</testsuite> <!-- com.trendkart.admin.VerifyAddressInCartTest -->
