<?xml version="1.0" encoding="UTF-8"?>
<!-- Generated by org.testng.reporters.JUnitReportReporter -->
<testsuite hostname="LAPTOP-D4RH5SI9" failures="0" tests="1" name="com.trendkart.admin.VerifyAddressInCartTest" time="39.899" errors="0" timestamp="2023-11-23T12:05:34 GMT+05:30" skipped="0">
  <testcase classname="com.trendkart.admin.VerifyAddressInCartTest" name="verifyAddressInCartTest" time="39.899"/>
  <system-out/>
</testsuite> <!-- com.trendkart.admin.VerifyAddressInCartTest -->
