<?xml version="1.0" encoding="UTF-8"?>
<!-- Generated by org.testng.reporters.JUnitReportReporter -->
<testsuite hostname="LAPTOP-D4RH5SI9" failures="0" tests="1" name="com.trendkart.admin.VerifyCreditDebitCardTest" time="47.402" errors="0" timestamp="2023-11-23T12:09:57 GMT+05:30" skipped="0">
  <testcase classname="com.trendkart.admin.VerifyCreditDebitCardTest" name="verifyCreditDebitCardTest" time="47.402"/>
  <system-out/>
</testsuite> <!-- com.trendkart.admin.VerifyCreditDebitCardTest -->
