<?xml version="1.0" encoding="UTF-8"?>
<!-- Generated by org.testng.reporters.JUnitReportReporter -->
<testsuite hostname="LAPTOP-D4RH5SI9" failures="0" tests="1" name="com.Practice_Package.cmdParameterTest" time="89.054" errors="0" timestamp="2023-11-10T16:04:41 GMT+05:30" skipped="0">
  <testcase classname="com.Practice_Package.cmdParameterTest" name="cmdParameterTest" time="89.054"/>
  <system-out/>
</testsuite> <!-- com.Practice_Package.cmdParameterTest -->
